Complex Number Calculator
-------------------------
Please enter the command you would like to use:


Available Commands:
------------------
read_comp <A-F>, <real>, <imaginary>  - Save a complex number
print_comp <A-F>                      - Print a complex number
add_comp <A-F>, <A-F>                 - Add two complex numbers
sub_comp <A-F>, <A-F>                 - Subtract two complex numbers
mult_comp_real <A-F>, <real>          - Multiply by a real number
mult_comp_img <A-F>, <real>           - Multiply by an imaginary number
mult_comp_comp <A-F>, <A-F>           - Multiply two complex numbers
abs_comp <A-F>                        - Calculate absolute value
stop                                  - Exit program


Enter command: 
Entered command is read_comp A, 999999.999999, 999999.999999
Saving A = 1000000.00, 1000000.00i

Enter command: 
Entered command is print_comp A
1000000.00 + (1000000.00)i


Enter command: 
Entered command is read_comp B, -999999.999999, -999999.999999
Saving B = -1000000.00, -1000000.00i

Enter command: 
Entered command is print_comp B
-1000000.00 - (1000000.00)i


Enter command: 
Entered command is 
Undefined command name

Enter command: 
Entered command is read_comp C, 0, 0
Saving C = 0.00, 0.00i

Enter command: 
Entered command is print_comp C
0.00 + (0.00)i


Enter command: 
Entered command is mult_comp_comp C, B
0.00 + (0.00)i


Enter command: 
Entered command is print_comp C
0.00 + (0.00)i


Enter command: 
Entered command is 
Undefined command name

Enter command: 
Entered command is read_comp D, 0.000001, -0.000001
Saving D = 0.00, -0.00i

Enter command: 
Entered command is print_comp D
0.00 - (0.00)i


Enter command: 
Entered command is mult_comp_comp D, A
2.00 - (0.00)i


Enter command: 
Entered command is print_comp D
0.00 - (0.00)i


Enter command: 
Entered command is 
Undefined command name

Enter command: 
Entered command is mult_comp_real C, 0
0.00 + (0.00)i


Enter command: 
Entered command is print_comp C
0.00 + (0.00)i


Enter command: 
Entered command is mult_comp_img C, 0
-0.00 + (0.00)i


Enter command: 
Entered command is print_comp C
0.00 + (0.00)i


Enter command: 
Entered command is 
Undefined command name

Enter command: 
Entered command is read_comp E, 1.5, 2.5
Saving E = 1.50, 2.50i

Enter command: 
Entered command is mult_comp_real E, 2
3.00 + (5.00)i


Enter command: 
Entered command is add_comp E, A
1000001.50 + (1000002.50)i


Enter command: 
Entered command is sub_comp E, B
1000001.50 + (1000002.50)i


Enter command: 
Entered command is mult_comp_comp E, D
0.00 + (0.00)i


Enter command: 
Entered command is abs_comp E
2.92


Enter command: 
Entered command is 
Undefined command name

Enter command: 
Entered command is read_comp G, 1, 1
Invalid complex variable name

Enter command: 
Entered command is read_comp Z, 1, 1
Invalid complex variable name

Enter command: 
Entered command is add_comp G, A
Invalid complex variable name

Enter command: 
Entered command is sub_comp A, Z
Invalid complex variable name

Enter command: 
Entered command is 
Undefined command name

Enter command: 
Entered command is read_comp A
Missing parameter(s)

Enter command: 
Entered command is read_comp B,
Missing parameter(s)

Enter command: 
Entered command is mult_comp_real
Missing parameter(s)

Enter command: 
Entered command is add_comp
Missing parameter(s)

Enter command: 
Entered command is 
Undefined command name

Enter command: 
Entered command is read_comp A, abc, 1.5
Invalid parameter - not a number

Enter command: 
Entered command is read_comp B, 1.5, def
Invalid parameter - not a number

Enter command: 
Entered command is 
Undefined command name

Enter command: 
Entered command is stop

Goodbye! Thanks for using my program! 
