Complex Number Calculator
-------------------------
Please enter the command you would like to use:


Available Commands:
------------------
read_comp <A-F>, <real>, <imaginary>  - Save a complex number
print_comp <A-F>                      - Print a complex number
add_comp <A-F>, <A-F>                 - Add two complex numbers
sub_comp <A-F>, <A-F>                 - Subtract two complex numbers
mult_comp_real <A-F>, <real>          - Multiply by a real number
mult_comp_img <A-F>, <real>           - Multiply by an imaginary number
mult_comp_comp <A-F>, <A-F>           - Multiply two complex numbers
abs_comp <A-F>                        - Calculate absolute value
stop                                  - Exit program


Enter command: 
Entered command is read_comp A, 999999.999999, 999999.999999
Saving A = 1000000.00, 1000000.00i

Enter command: 
Entered command is print_comp A
1000000.00 + (1000000.00)i


Enter command: 
Entered command is read_comp B, -999999.999999, -999999.999999
Saving B = -1000000.00, -1000000.00i

Enter command: 
Entered command is print_comp B
-1000000.00 - (1000000.00)i


Enter command: 
Entered command is stop

Goodbye! Thanks for using my program! 
